/annot/dbNSFP4.1a_grch38.cleanHeader.txt.gz
/phenos/UKBB.DEMMax2.20240901.txt
/covars/ukb23158.common.all.20230806.eigenvec.txt
/covars/UKBB.sex.20230807.txt 
/covars/APOEStatus.470K.txt
/pars/UKBB.annot.20231126.wn.par  
/pars/gva.UKBB.counts.0.35.20241031.arg
/pars/gva.vepWeights.20241031.arg
/pars/gva.exclusionList.annot.20231112.arg
/annot/extraWeights.20231106.txt
/annot/dbNSFP4.1a_grch38.cleanHeader.txt.gz.tbi
/phenos/UKBB.DEMMax2.withAPOE.20241008.txt
/annot/catWeight.FivePrime.txt  
/annot/catWeight.InDelEtc.txt  
/annot/catWeight.IntronicEtc.txt  
/annot/catWeight.LOF.txt  
/annot/catWeight.ProteinAltering.txt  
/annot/catWeight.SpliceRegion.txt  
/annot/catWeight.Synonymous.txt  
/annot/catWeight.ThreePrime.txt
/pars/newWeights.20201231.txt 
/annot/weights.AM.20231026.txt


