/phenos/UKBB.HT.20230816.txt
/annot/ukb23158.AM.annot.vcf.gz
/annot/dbNSFP4.1a_grch38.cleanHeader.txt.gz
/pars/gva.UKBB.forAnnot.20231112.arg
/pars/newWeights.20201231.txt 
/pars/POLYPHENWEIGHTS.20201231.txt 
/pars/SIFTWEIGHTS.20201231.txt
/pars/gva.vepWeights.arg
/pars/gva.exclusionList.annot.20231112.arg
/annot/catWeight.FivePrime.txt  
/annot/catWeight.InDelEtc.txt  
/annot/catWeight.IntronicEtc.txt  
/annot/catWeight.LOF.txt  
/annot/catWeight.ProteinAltering.txt  
/annot/catWeight.SpliceRegion.txt  
/annot/catWeight.Synonymous.txt  
/annot/catWeight.ThreePrime.txt
/annot/weights.AM.20231026.txt
/annot/extraWeights.20231106.txt
/annot/ukb23158.AM.annot.vcf.gz.tbi
/annot/dbNSFP4.1a_grch38.cleanHeader.txt.gz.tbi
