/phenos/UKBB.DEMMax2.20240901.txt
/covars/ukb23158.common.all.20230806.eigenvec.txt
/covars/UKBB.sex.20230807.txt 
/covars/APOEStatus.470K.txt
/pars/UKBB.annot.20231126.wn.par  
/pars/test.annot.AM_prediction.withAPOE.tst
/pars/test.annot.AM_score.withAPOE.tst
/pars/test.annot.Polyphen2_HDIV_rankscore.withAPOE.tst
/pars/test.annot.SIFT_converted_rankscore.withAPOE.tst
/pars/test.annot.SIFT4G_converted_rankscore.withAPOE.tst
/pars/test.annot.Polyphen2_HVAR_rankscore.withAPOE.tst
/pars/test.annot.LRT_converted_rankscore.withAPOE.tst
/pars/test.annot.MutationTaster_converted_rankscore.withAPOE.tst
/pars/test.annot.MutationAssessor_rankscore.withAPOE.tst
/pars/test.annot.FATHMM_converted_rankscore.withAPOE.tst
/pars/test.annot.PROVEAN_converted_rankscore.withAPOE.tst
/pars/test.annot.VEST4_rankscore.withAPOE.tst
/pars/test.annot.MetaSVM_rankscore.withAPOE.tst
/pars/test.annot.MetaLR_rankscore.withAPOE.tst
/pars/test.annot.M_CAP_rankscore.withAPOE.tst
/pars/test.annot.REVEL_rankscore.withAPOE.tst
/pars/test.annot.MutPred_rankscore.withAPOE.tst
/pars/test.annot.MVP_rankscore.withAPOE.tst
/pars/test.annot.MPC_rankscore.withAPOE.tst
/pars/test.annot.PrimateAI_rankscore.withAPOE.tst
/pars/test.annot.DEOGEN2_rankscore.withAPOE.tst
/pars/test.annot.BayesDel_addAF_rankscore.withAPOE.tst
/pars/test.annot.BayesDel_noAF_rankscore.withAPOE.tst
/pars/test.annot.ClinPred_rankscore.withAPOE.tst
/pars/test.annot.LIST_S2_rankscore.withAPOE.tst
/pars/test.annot.CADD_raw_rankscore.withAPOE.tst
/pars/test.annot.CADD_raw_rankscore_hg19.withAPOE.tst
/pars/test.annot.DANN_rankscore.withAPOE.tst
/pars/test.annot.fathmm_MKL_coding_rankscore.withAPOE.tst
/pars/test.annot.fathmm_XF_coding_rankscore.withAPOE.tst
/pars/test.annot.Eigen_raw_coding_rankscore.withAPOE.tst
/pars/test.annot.Eigen_PC_raw_coding_rankscore.withAPOE.tst
/pars/test.annot.GenoCanyon_rankscore.withAPOE.tst
/pars/test.annot.integrated_fitCons_rankscore.withAPOE.tst
/pars/test.annot.GM12878_fitCons_rankscore.withAPOE.tst
/pars/test.annot.H1_hESC_fitCons_rankscore.withAPOE.tst
/pars/test.annot.HUVEC_fitCons_rankscore.withAPOE.tst
/pars/test.annot.GERPPP_RS_rankscore.withAPOE.tst
/pars/test.annot.phyloP100way_vertebrate_rankscore.withAPOE.tst
/pars/test.annot.phyloP30way_mammalian_rankscore.withAPOE.tst
/pars/test.annot.phyloP17way_primate_rankscore.withAPOE.tst
/pars/test.annot.phastCons100way_vertebrate_rankscore.withAPOE.tst
/pars/test.annot.phastCons30way_mammalian_rankscore.withAPOE.tst
/pars/test.annot.phastCons17way_primate_rankscore.withAPOE.tst
/pars/test.annot.SiPhy_29way_logOdds_rankscore.withAPOE.tst
